[21-Mar-2018 09:30:19 Asia/Manila] PHP Notice:  Undefined index: system_document_status in C:\Users\sly\Desktop\UwAmp310\www\dts\handlers\documents.php on line 17
[21-Mar-2018 09:30:19 Asia/Manila] PHP Stack trace:
[21-Mar-2018 09:30:19 Asia/Manila] PHP   1. {main}() C:\Users\sly\Desktop\UwAmp310\www\dts\handlers\documents.php:0
[21-Mar-2018 09:30:19 Asia/Manila] PHP Notice:  Undefined index: system_document_status in C:\Users\sly\Desktop\UwAmp310\www\dts\handlers\documents.php on line 22
[21-Mar-2018 09:30:19 Asia/Manila] PHP Stack trace:
[21-Mar-2018 09:30:19 Asia/Manila] PHP   1. {main}() C:\Users\sly\Desktop\UwAmp310\www\dts\handlers\documents.php:0
[21-Mar-2018 09:30:19 Asia/Manila] PHP Notice:  Undefined index: document_activity_date in C:\Users\sly\Desktop\UwAmp310\www\dts\handlers\documents.php on line 26
[21-Mar-2018 09:30:19 Asia/Manila] PHP Stack trace:
[21-Mar-2018 09:30:19 Asia/Manila] PHP   1. {main}() C:\Users\sly\Desktop\UwAmp310\www\dts\handlers\documents.php:0
[21-Mar-2018 09:31:42 Asia/Manila] PHP Fatal error:  Uncaught PDOException: SQLSTATE[42S22]: Column not found: 1054 Unknown column 'tracks.document_status' in 'field list' in C:\Users\sly\Desktop\UwAmp310\www\dts\db.php:42
Stack trace:
#0 C:\Users\sly\Desktop\UwAmp310\www\dts\db.php(42): PDO->query('SELECT document...')
#1 C:\Users\sly\Desktop\UwAmp310\www\dts\handlers\documents.php(11): pdo_db->getData('SELECT document...')
#2 {main}
  thrown in C:\Users\sly\Desktop\UwAmp310\www\dts\db.php on line 42
[21-Mar-2018 10:05:28 Asia/Manila] PHP Fatal error:  Uncaught PDOException: SQLSTATE[42S22]: Column not found: 1054 Unknown column 'document_transaction' in 'field list' in C:\Users\sly\Desktop\UwAmp310\www\dts\db.php:134
Stack trace:
#0 C:\Users\sly\Desktop\UwAmp310\www\dts\db.php(134): PDO->prepare('INSERT INTO tra...')
#1 C:\Users\sly\Desktop\UwAmp310\www\dts\handlers\doc-receive.php(21): pdo_db->insertData(Array)
#2 {main}
  thrown in C:\Users\sly\Desktop\UwAmp310\www\dts\db.php on line 134
[21-Mar-2018 11:52:30 Asia/Manila] PHP Fatal error:  Uncaught PDOException: SQLSTATE[42000]: Syntax error or access violation: 1064 You have an error in your SQL syntax; check the manual that corresponds to your MySQL server version for the right syntax to use near 'FROM tracks WHERE document_id = 1' at line 1 in C:\Users\sly\Desktop\UwAmp310\www\dts\db.php:42
Stack trace:
#0 C:\Users\sly\Desktop\UwAmp310\www\dts\db.php(42): PDO->query('SELECT FROM tra...')
#1 C:\Users\sly\Desktop\UwAmp310\www\dts\handlers\doc-activity.php(11): pdo_db->getData('SELECT FROM tra...')
#2 {main}
  thrown in C:\Users\sly\Desktop\UwAmp310\www\dts\db.php on line 42
[21-Mar-2018 13:23:33 Asia/Manila] PHP Fatal error:  Uncaught PDOException: SQLSTATE[42S22]: Column not found: 1054 Unknown column 'documents.transaction' in 'where clause' in C:\Users\sly\Desktop\UwAmp310\www\dts\db.php:42
Stack trace:
#0 C:\Users\sly\Desktop\UwAmp310\www\dts\db.php(42): PDO->query('SELECT *, (SELE...')
#1 C:\Users\sly\Desktop\UwAmp310\www\dts\handlers\documents-list.php(8): pdo_db->getData('SELECT *, (SELE...')
#2 {main}
  thrown in C:\Users\sly\Desktop\UwAmp310\www\dts\db.php on line 42
[21-Mar-2018 13:23:53 Asia/Manila] PHP Fatal error:  Uncaught PDOException: SQLSTATE[42S22]: Column not found: 1054 Unknown column 'documents.transaction' in 'where clause' in C:\Users\sly\Desktop\UwAmp310\www\dts\db.php:42
Stack trace:
#0 C:\Users\sly\Desktop\UwAmp310\www\dts\db.php(42): PDO->query('SELECT *, (SELE...')
#1 C:\Users\sly\Desktop\UwAmp310\www\dts\handlers\documents-list.php(8): pdo_db->getData('SELECT *, (SELE...')
#2 {main}
  thrown in C:\Users\sly\Desktop\UwAmp310\www\dts\db.php on line 42
[21-Mar-2018 13:32:04 Asia/Manila] PHP Fatal error:  Uncaught PDOException: SQLSTATE[42S22]: Column not found: 1054 Unknown column 'documents.transaction' in 'where clause' in C:\Users\sly\Desktop\UwAmp310\www\dts\db.php:42
Stack trace:
#0 C:\Users\sly\Desktop\UwAmp310\www\dts\db.php(42): PDO->query('SELECT document...')
#1 C:\Users\sly\Desktop\UwAmp310\www\dts\handlers\documents-list.php(8): pdo_db->getData('SELECT document...')
#2 {main}
  thrown in C:\Users\sly\Desktop\UwAmp310\www\dts\db.php on line 42
[21-Mar-2018 13:32:23 Asia/Manila] PHP Fatal error:  Uncaught PDOException: SQLSTATE[42S22]: Column not found: 1054 Unknown column 'documents.transaction' in 'where clause' in C:\Users\sly\Desktop\UwAmp310\www\dts\db.php:42
Stack trace:
#0 C:\Users\sly\Desktop\UwAmp310\www\dts\db.php(42): PDO->query('SELECT document...')
#1 C:\Users\sly\Desktop\UwAmp310\www\dts\handlers\documents-list.php(8): pdo_db->getData('SELECT document...')
#2 {main}
  thrown in C:\Users\sly\Desktop\UwAmp310\www\dts\db.php on line 42
[21-Mar-2018 13:37:10 Asia/Manila] PHP Notice:  Undefined variable: filter in C:\Users\sly\Desktop\UwAmp310\www\dts\handlers\documents.php on line 11
[21-Mar-2018 13:37:10 Asia/Manila] PHP Stack trace:
[21-Mar-2018 13:37:10 Asia/Manila] PHP   1. {main}() C:\Users\sly\Desktop\UwAmp310\www\dts\handlers\documents.php:0
[21-Mar-2018 13:38:44 Asia/Manila] PHP Fatal error:  Uncaught PDOException: SQLSTATE[42000]: Syntax error or access violation: 1064 You have an error in your SQL syntax; check the manual that corresponds to your MySQL server version for the right syntax to use near 'BY tracks.document_activity_date DESC LIMIT 1' at line 1 in C:\Users\sly\Desktop\UwAmp310\www\dts\db.php:42
Stack trace:
#0 C:\Users\sly\Desktop\UwAmp310\www\dts\db.php(42): PDO->query('SELECT document...')
#1 C:\Users\sly\Desktop\UwAmp310\www\dts\handlers\documents.php(14): pdo_db->getData('SELECT document...')
#2 {main}
  thrown in C:\Users\sly\Desktop\UwAmp310\www\dts\db.php on line 42
